INFO: Program: BankingApp

INFO: s: main [Main,(String[])]
INFO: s: showMenu [Bank,()]
INFO: s: createAccount [Bank,(String)]
INFO: s: getCustomerID [BankAccount,()]
INFO: s: logIn [Bank,(int)]
INFO: s: getBalance [BankAccount,()]
INFO: e: getBalance [10]
INFO: s: getBalance [BankAccount,()]
INFO: e: getBalance [10]
INFO: s: getCustomerName [BankAccount,()]
INFO: s: getBalance [BankAccount,()]
INFO: e: getBalance [10]
INFO: e: getCustomerName [10]
INFO: s: getCustomerName [BankAccount,()]
INFO: s: getBalance [BankAccount,()]
INFO: e: getBalance [10]
INFO: e: getCustomerNamee [10]
INFO: e: logIn [150]
INFO: e: getCustomerID [160]
INFO: e: createAccount [25]
INFO: s: showAccountMenu [Bank,()]
INFO: s: getCustomerName [BankAccount,()]
INFO: e: getCustomerName [10]
INFO: s: deposit [BankAccount,(int,String)]
INFO: e: deposit [10]
INFO: s: getBalance [BankAccount,()]
INFO: e: getBalance [10]
INFO: s: withdraw [BankAccount,(int)]
INFO: s: getBalance [BankAccount,()]
INFO: e: getBalance [10]
INFO: e: withdraw [10]
INFO: e: showAccountMenu [50]
INFO: s: logIn [Bank,(int)]
INFO: e: logIn [150]
INFO: e: showMenu [225]
INFO: s: getBalance [BankAccount,()]
INFO: e: getBalance [10]
INFO: e: main [250]
