INFO: Program: BankingApp
INFO: s: main [Main,(String[])]
INFO: s: showMenu [Bank,()]
INFO: s: createAccount [Bank,(String)]
INFO: e: createAccount [1]
INFO: s: getCustomerID [BankAccount,()]
INFO: e: getCustomerID [0]
INFO: s: logIn [Bank,(int)]
INFO: s: getCustomerID [BankAccount,()]
INFO: e: getCustomerID [0]
INFO: s: showAccountMenu [Bank,(BankAccount)]
INFO: s: getCustomerName [BankAccount,()]
INFO: e: getCustomerName [0]
INFO: s: deposit [BankAccount,(int,String)]
INFO: e: deposit [0]
INFO: s: withdraw [BankAccount,(int)]
INFO: s: getBalance [BankAccount,()]
INFO: e: getBalance [0]
INFO: s: getBalance [BankAccount,()]
INFO: e: getBalance [0]
INFO: e: withdraw [0]
INFO: e: showAccountMenu [15720]
INFO: e: logIn [50]
INFO: e: showMenu [28830]
INFO: e: main [28850]
